<?xml version="1.0" encoding="UTF-8"?>
<testsuite name="chess.input.FileInputSourceTest" tests="3" skipped="0" failures="0" errors="0" timestamp="2026-09-08T09:54:58.877Z" hostname="27597-PRDCV572" time="0.01">
  <properties/>
  <testcase name="missingFileFails()" classname="chess.input.FileInputSourceTest" time="0.002"/>
  <testcase name="consoleReadsStdinStream()" classname="chess.input.FileInputSourceTest" time="0.002"/>
  <testcase name="readsFileContent()" classname="chess.input.FileInputSourceTest" time="0.004"/>
  <system-out><![CDATA[]]></system-out>
  <system-err><![CDATA[]]></system-err>
</testsuite>
