<?xml version="1.0" encoding="UTF-8"?>
<testsuite name="chess.rules.SlidingRuleRookTest" tests="3" skipped="0" failures="0" errors="0" timestamp="2026-09-08T01:47:43.201Z" hostname="27597-PRDCV572" time="0.007">
  <properties/>
  <testcase name="rookStopsBeforeFriendlyAndDoesNotEnter()" classname="chess.rules.SlidingRuleRookTest" time="0.001"/>
  <testcase name="rookOnEmptyBoardReachesEdges()" classname="chess.rules.SlidingRuleRookTest" time="0.002"/>
  <testcase name="rookCapturesFirstEnemyThenStops()" classname="chess.rules.SlidingRuleRookTest" time="0.002"/>
  <system-out><![CDATA[]]></system-out>
  <system-err><![CDATA[]]></system-err>
</testsuite>
