<?xml version="1.0" encoding="UTF-8"?>
<testsuite name="chess.input.NotationParserTest" tests="4" skipped="0" failures="0" errors="0" timestamp="2026-09-08T09:54:59.217Z" hostname="27597-PRDCV572" time="0.011">
  <properties/>
  <testcase name="rejectsOffBoard()" classname="chess.input.NotationParserTest" time="0.003"/>
  <testcase name="parsesValidTokens()" classname="chess.input.NotationParserTest" time="0.001"/>
  <testcase name="rejectsUnknownPieceLetter()" classname="chess.input.NotationParserTest" time="0.004"/>
  <testcase name="knightLetterIsN()" classname="chess.input.NotationParserTest" time="0.001"/>
  <system-out><![CDATA[]]></system-out>
  <system-err><![CDATA[]]></system-err>
</testsuite>
