<?xml version="1.0" encoding="UTF-8"?>
<testsuite name="chess.output.JsonWriterTest" tests="5" skipped="0" failures="0" errors="0" timestamp="2026-09-07T09:30:47.520Z" hostname="27597-PRDCV572" time="0.009">
  <properties/>
  <testcase name="writesSinglePieceWithMoves()" classname="chess.output.JsonWriterTest" time="0.002"/>
  <testcase name="emptyMovesRendersEmptyArray()" classname="chess.output.JsonWriterTest" time="0.001"/>
  <testcase name="writesMultiplePiecesValidJson()" classname="chess.output.JsonWriterTest" time="0.002"/>
  <testcase name="marksCaptureFlag()" classname="chess.output.JsonWriterTest" time="0.001"/>
  <testcase name="sameResultSetRendersBothFormats()" classname="chess.output.JsonWriterTest" time="0.001"/>
  <system-out><![CDATA[]]></system-out>
  <system-err><![CDATA[]]></system-err>
</testsuite>
