<?xml version="1.0" encoding="UTF-8"?>
<testsuite name="chess.input.YamlParserTest" tests="2" skipped="0" failures="0" errors="0" timestamp="2026-09-08T09:54:59.279Z" hostname="27597-PRDCV572" time="0.009">
  <properties/>
  <testcase name="parsesValidYaml()" classname="chess.input.YamlParserTest" time="0.004"/>
  <testcase name="rejectsMalformedYaml()" classname="chess.input.YamlParserTest" time="0.004"/>
  <system-out><![CDATA[]]></system-out>
  <system-err><![CDATA[]]></system-err>
</testsuite>
