<?xml version="1.0" encoding="UTF-8"?>
<testsuite name="chess.rules.SlidingRuleRookTest" tests="3" skipped="0" failures="0" errors="0" timestamp="2026-09-07T09:30:47.544Z" hostname="27597-PRDCV572" time="0.004">
  <properties/>
  <testcase name="rookStopsBeforeFriendlyAndDoesNotEnter()" classname="chess.rules.SlidingRuleRookTest" time="0.001"/>
  <testcase name="rookOnEmptyBoardReachesEdges()" classname="chess.rules.SlidingRuleRookTest" time="0.001"/>
  <testcase name="rookCapturesFirstEnemyThenStops()" classname="chess.rules.SlidingRuleRookTest" time="0.001"/>
  <system-out><![CDATA[]]></system-out>
  <system-err><![CDATA[]]></system-err>
</testsuite>
