<?xml version="1.0" encoding="UTF-8"?>
<testsuite name="chess.input.NotationParserTest" tests="4" skipped="0" failures="0" errors="0" timestamp="2026-09-08T01:47:43.100Z" hostname="27597-PRDCV572" time="0.01">
  <properties/>
  <testcase name="rejectsOffBoard()" classname="chess.input.NotationParserTest" time="0.003"/>
  <testcase name="parsesValidTokens()" classname="chess.input.NotationParserTest" time="0.001"/>
  <testcase name="rejectsUnknownPieceLetter()" classname="chess.input.NotationParserTest" time="0.003"/>
  <testcase name="knightLetterIsN()" classname="chess.input.NotationParserTest" time="0.001"/>
  <system-out><![CDATA[]]></system-out>
  <system-err><![CDATA[]]></system-err>
</testsuite>
